[2020-03-23T13:02:21.128] [ERROR] cheese - TypeError: Cannot read property 'typeArr' of undefined
    at actionMsgList (/Users/baishiyu/Desktop/KeXieRd/controllers/MsgListControllers.js:18:64)
    at dispatch (/Users/baishiyu/Desktop/KeXieRd/node_modules/_koa-simple-router@0.2.0@koa-simple-router/index.js:186:18)
    at Router._lookup (/Users/baishiyu/Desktop/KeXieRd/node_modules/_koa-simple-router@0.2.0@koa-simple-router/index.js:198:12)
    at /Users/baishiyu/Desktop/KeXieRd/node_modules/_koa-simple-router@0.2.0@koa-simple-router/index.js:138:21
    at dispatch (/Users/baishiyu/Desktop/KeXieRd/node_modules/_koa-compose@4.1.0@koa-compose/index.js:42:32)
    at app.use (/Users/baishiyu/Desktop/KeXieRd/middlewares/errorHandler.js:21:19)
    at dispatch (/Users/baishiyu/Desktop/KeXieRd/node_modules/_koa-compose@4.1.0@koa-compose/index.js:42:32)
    at app.use (/Users/baishiyu/Desktop/KeXieRd/middlewares/errorHandler.js:8:23)
    at dispatch (/Users/baishiyu/Desktop/KeXieRd/node_modules/_koa-compose@4.1.0@koa-compose/index.js:42:32)
    at serve (/Users/baishiyu/Desktop/KeXieRd/node_modules/_koa-static@5.0.0@koa-static/index.js:53:15)
[2020-03-23T13:06:27.499] [ERROR] cheese - TypeError: ctx.request.query is not a function
    at actionMsgList (/Users/baishiyu/Desktop/KeXieRd/controllers/MsgListControllers.js:13:58)
    at dispatch (/Users/baishiyu/Desktop/KeXieRd/node_modules/_koa-simple-router@0.2.0@koa-simple-router/index.js:186:18)
    at Router._lookup (/Users/baishiyu/Desktop/KeXieRd/node_modules/_koa-simple-router@0.2.0@koa-simple-router/index.js:198:12)
    at /Users/baishiyu/Desktop/KeXieRd/node_modules/_koa-simple-router@0.2.0@koa-simple-router/index.js:138:21
    at dispatch (/Users/baishiyu/Desktop/KeXieRd/node_modules/_koa-compose@4.1.0@koa-compose/index.js:42:32)
    at app.use (/Users/baishiyu/Desktop/KeXieRd/middlewares/errorHandler.js:21:19)
    at dispatch (/Users/baishiyu/Desktop/KeXieRd/node_modules/_koa-compose@4.1.0@koa-compose/index.js:42:32)
    at app.use (/Users/baishiyu/Desktop/KeXieRd/middlewares/errorHandler.js:8:23)
    at dispatch (/Users/baishiyu/Desktop/KeXieRd/node_modules/_koa-compose@4.1.0@koa-compose/index.js:42:32)
    at serve (/Users/baishiyu/Desktop/KeXieRd/node_modules/_koa-static@5.0.0@koa-static/index.js:53:15)
